<?xml version="1.0" encoding="UTF-8"?>
<testsuite name="com.prave.kafka.SpringKafkaApplicationTest" time="14.723" tests="2" errors="0" skipped="0" failures="1">
  <properties>
[...]
</properties>
  <testcase name="testReceiveDeviceLocation" classname="com.prave.kafka.SpringKafkaApplicationTest" time="14.707">
    <failure message="expected:&lt;[0]L&gt; but was:&lt;[1]L&gt;" type="org.junit.ComparisonFailure"><![CDATA[org.junit.ComparisonFailure: expected:<[0]L> but was:<[1]L>
	at sun.reflect.NativeConstructorAccessorImpl.newInstance0(Native Method)
	at sun.reflect.NativeConstructorAccessorImpl.newInstance(NativeConstructorAccessorImpl.java:62)
	at sun.reflect.DelegatingConstructorAccessorImpl.newInstance(DelegatingConstructorAccessorImpl.java:45)
	at com.prave.kafka.SpringKafkaApplicationTest.testReceiveDeviceLocation(SpringKafkaApplicationTest.java:85)
]]></failure>
    <system-out><![CDATA[18:47:20.161 [main] ERROR o.a.zookeeper.server.ZooKeeperServer - ZKShutdownHandler is not registered, so ZooKeeper server won't take any action on ERROR or SHUTDOWN server state changes
18:47:21.040 [main] WARN  k.server.BrokerMetadataCheckpoint - No meta.properties file under dir C:\Users\prave\AppData\Local\Temp\kafka-3660625215508570252\meta.properties
18:47:21.435 [main] WARN  k.server.BrokerMetadataCheckpoint - No meta.properties file under dir C:\Users\prave\AppData\Local\Temp\kafka-3660625215508570252\meta.properties

  .   ____          _            __ _ _
 /\\ / ___'_ __ _ _(_)_ __  __ _ \ \ \ \
( ( )\___ | '_ | '_| | '_ \/ _` | \ \ \ \
 \\/  ___)| |_)| | | | | || (_| |  ) ) ) )
  '  |____| .__|_| |_|_| |_\__, | / / / /
 =========|_|==============|___/=/_/_/_/
 :: Spring Boot ::        (v1.5.4.RELEASE)

18:47:22.274 [main] INFO  c.p.kafka.SpringKafkaApplicationTest - Starting SpringKafkaApplicationTest on LAPTOP-QUJ846CR with PID 14244 (started by prave in C:\KafkaWork\sb-kafka-devicelocation-topics)
18:47:22.274 [main] INFO  c.p.kafka.SpringKafkaApplicationTest - No active profile set, falling back to default profiles: default
18:47:23.828 [main] INFO  c.p.kafka.SpringKafkaApplicationTest - Started SpringKafkaApplicationTest in 1.766 seconds (JVM running for 4.492)
18:47:28.490 [main] INFO  com.prave.kafka.producer.Sender - sending payload='DeviceLocation{PlaceName=1, area=2, fullAddress=3, pName=4, placeType=5, time_taken=6, latitude=7, mapPlaceName=8, is_not_tagged_place=9, time=10, PlaceTime=11, longitude=12, city=13, mode=14}' to topic='devicelocation.t'
18:47:28.537 [main] INFO  com.prave.kafka.producer.Sender - sending payload='DeviceLocation{PlaceName=COGCONSR&D, area=VarthurKodi, fullAddress="7, WhitefieldMainRoad, Opp.VarthurLake, VarthurKodi, Bengaluru, Karnataka560066, India, pName=COGCONSR&D, placeType=Office, time_taken=0, latitude=12.9576044, mapPlaceName=Office, is_not_tagged_place=0, time=1556189746495, PlaceTime=25-Apr-201916: 25: 46, longitude=77.7442255, city=Bengaluru, mode=mode}' to topic='devicelocation.t'
18:47:28.568 [org.springframework.kafka.KafkaListenerEndpointContainer#2-0-C-1] INFO  com.prave.kafka.consumer.Receiver - received DeviceLocation{PlaceName=COGCONSR&D, area=VarthurKodi, fullAddress="7, WhitefieldMainRoad, Opp.VarthurLake, VarthurKodi, Bengaluru, Karnataka560066, India, pName=COGCONSR&D, placeType=Office, time_taken=0, latitude=12.9576044, mapPlaceName=Office, is_not_tagged_place=0, time=1556189746495, PlaceTime=25-Apr-201916: 25: 46, longitude=77.7442255, city=Bengaluru, mode=mode}
18:47:28.568 [org.springframework.kafka.KafkaListenerEndpointContainer#2-0-C-1] INFO  com.prave.kafka.consumer.Receiver - received DeviceLocation{PlaceName=1, area=2, fullAddress=3, pName=4, placeType=5, time_taken=6, latitude=7, mapPlaceName=8, is_not_tagged_place=9, time=10, PlaceTime=11, longitude=12, city=13, mode=14}
]]></system-out>
  </testcase>
  <testcase name="testReceive" classname="com.prave.kafka.SpringKafkaApplicationTest" time="0.016"/>
</testsuite>